Build started 12/1/2015 2:46:06 PM.
     1>Project "C:\Users\Steven\Documents\Visual Studio 2013\Projects\NailArt\NailArt\NailArt.vcxproj" on node 2 (Build target(s)).
     1>CustomBuild:
         Moc'ing GLWidget.h...
         Moc'ing MainWindow.h...
       ClCompile:
         C:\Program Files (x86)\Microsoft Visual Studio 12.0\VC\bin\x86_amd64\CL.exe /c /I. /I. /I..\qip_win\IP\header /I..\qip_win\MP\header /IC:\Qt5.5.0\5.5\msvc2013_64\include /IC:\Qt5.5.0\5.5\msvc2013_64\include\QtOpenGL /IC:\Qt5.5.0\5.5\msvc2013_64\include\QtWidgets /IC:\Qt5.5.0\5.5\msvc2013_64\include\QtGui /IC:\Qt5.5.0\5.5\msvc2013_64\include\QtANGLE /IC:\Qt5.5.0\5.5\msvc2013_64\include\QtCore /Imoc /I"C:\Qt5.5.0\5.5\msvc2013_64\mkspecs\win32-msvc2013" /Zi /nologo /W3 /WX- /MP /O2 /D _WINDOWS /D UNICODE /D WIN32 /D WIN64 /D QT_NO_DEBUG /D QT_OPENGL_LIB /D QT_WIDGETS_LIB /D QT_GUI_LIB /D QT_CORE_LIB /D NDEBUG /Gm- /EHsc /MD /GS /fp:precise /Zc:wchar_t /Zc:forScope /GR /Fo"x64\Release\\" /Fd"x64\Release\vc120.pdb" /Gd /TP /errorReport:prompt -Zc:strictStrings -w34100 -w34189 -w44996 GLWidget.cpp MainWindow.cpp change.cpp main.cpp moc\moc_MainWindow.cpp moc\moc_GLWidget.cpp
         GLWidget.cpp
         MainWindow.cpp
         change.cpp
         main.cpp
     1>GLWidget.cpp(62): warning C4305: 'argument' : truncation from 'double' to 'GLclampf'
     1>GLWidget.cpp(131): warning C4189: 'ar' : local variable is initialized but not referenced
     1>GLWidget.cpp(249): warning C4305: 'argument' : truncation from 'double' to 'float'
     1>GLWidget.cpp(274): warning C4100: 'd' : unreferenced formal parameter
     1>GLWidget.cpp(342): warning C4305: 'initializing' : truncation from 'double' to 'float'
     1>GLWidget.cpp(340): warning C4100: 'h' : unreferenced formal parameter
     1>GLWidget.cpp(340): warning C4100: 'r' : unreferenced formal parameter
     1>GLWidget.cpp(350): warning C4189: 'a' : local variable is initialized but not referenced
     1>GLWidget.cpp(358): warning C4189: 'a' : local variable is initialized but not referenced
     1>GLWidget.cpp(367): warning C4189: 'a' : local variable is initialized but not referenced
     1>change.cpp(157): warning C4100: 'val' : unreferenced formal parameter
     1>c:\users\steven\documents\visual studio 2013\projects\nailart\nailart\glwidget.cpp(394): warning C4700: uninitialized local variable 'spacing' used
     1>c:\users\steven\documents\visual studio 2013\projects\nailart\nailart\glwidget.cpp(396): warning C4700: uninitialized local variable 'artWidth' used
     1>c:\users\steven\documents\visual studio 2013\projects\nailart\nailart\glwidget.cpp(397): warning C4700: uninitialized local variable 'artHeight' used
         moc_MainWindow.cpp
         moc_GLWidget.cpp
       Link:
         C:\Program Files (x86)\Microsoft Visual Studio 12.0\VC\bin\x86_amd64\link.exe /ERRORREPORT:PROMPT /OUT:"release\\NailArt.exe" /INCREMENTAL:NO /NOLOGO /LIBPATH:C:\Qt5.5.0\5.5\msvc2013_64\lib /LIBPATH:C:/Qt5.5.0/5.5/msvc2013_64/lib /LIBPATH:..\qip_win\IP\lib /LIBPATH:..\qip_win\MP\lib /LIBPATH:C:\Program C:\Qt5.5.0\5.5\msvc2013_64\lib\qtmain.lib shell32.lib C:/Qt5.5.0/5.5/msvc2013_64/lib\Qt5Core.lib ..\qip_win\IP\lib\IP.lib ..\qip_win\MP\lib\MP.lib Files "(x86)/Microsoft" SDKs/Windows/v7.1A/Lib/x64 opengl32.lib C:\Qt5.5.0\5.5\msvc2013_64\lib\Qt5OpenGL.lib C:\Qt5.5.0\5.5\msvc2013_64\lib\Qt5Widgets.lib C:\Qt5.5.0\5.5\msvc2013_64\lib\Qt5Gui.lib C:\Qt5.5.0\5.5\msvc2013_64\lib\Qt5Core.lib kernel32.lib user32.lib gdi32.lib winspool.lib comdlg32.lib advapi32.lib shell32.lib ole32.lib oleaut32.lib uuid.lib odbc32.lib odbccp32.lib /MANIFEST /MANIFESTUAC:"level='asInvoker' uiAccess='false'" /manifest:embed /PDB:"release\NailArt.pdb" /SUBSYSTEM:WINDOWS /TLBID:1 /DYNAMICBASE /NXCOMPAT /MACHINE:X64 "/MANIFESTDEPENDENCY:type='win32' name='Microsoft.Windows.Common-Controls' version='6.0.0.0' publicKeyToken='6595b64144ccf1df' language='*' processorArchitecture='*'" x64\Release\GLWidget.obj
         x64\Release\MainWindow.obj
         x64\Release\change.obj
         x64\Release\main.obj
         x64\Release\moc_MainWindow.obj
         x64\Release\moc_GLWidget.obj
     1>LINK : fatal error LNK1181: cannot open input file 'Files.obj'
     1>Done Building Project "C:\Users\Steven\Documents\Visual Studio 2013\Projects\NailArt\NailArt\NailArt.vcxproj" (Build target(s)) -- FAILED.

Build FAILED.

Time Elapsed 00:00:12.92
